# JRE version: Java(TM) SE Runtime Environment (8.0_25-b17) (build 1.8.0_25-b17)
# Java VM: Java HotSpot(TM) 64-Bit Server VM (25.25-b02 mixed mode bsd-amd64 compressed oops)
Heap:
 PSYoungGen      total 76288K, used 18837K [0x000000076ab00000, 0x0000000770000000, 0x00000007c0000000)
  eden space 65536K, 23% used [0x000000076ab00000,0x000000076b9d9260,0x000000076eb00000)
  from space 10752K, 33% used [0x000000076f580000,0x000000076f90c588,0x0000000770000000)
  to   space 10752K, 0% used [0x000000076eb00000,0x000000076eb00000,0x000000076f580000)
 ParOldGen       total 290304K, used 250777K [0x00000006c0000000, 0x00000006d1b80000, 0x000000076ab00000)
  object space 290304K, 86% used [0x00000006c0000000,0x00000006cf4e65d0,0x00000006d1b80000)
 Metaspace       used 7413K, capacity 7561K, committed 7808K, reserved 1056768K
  class space    used 733K, capacity 791K, committed 896K, reserved 1048576K
GC Heap History (4 events):
Event: 2.965 GC heap before
{Heap before GC invocations=1 (full 0):
 PSYoungGen      total 76288K, used 59147K [0x000000076ab00000, 0x0000000770000000, 0x00000007c0000000)
  eden space 65536K, 90% used [0x000000076ab00000,0x000000076e4c2d00,0x000000076eb00000)
  from space 10752K, 0% used [0x000000076f580000,0x000000076f580000,0x0000000770000000)
  to   space 10752K, 0% used [0x000000076eb00000,0x000000076eb00000,0x000000076f580000)
 ParOldGen       total 175104K, used 136101K [0x00000006c0000000, 0x00000006cab00000, 0x000000076ab00000)
  object space 175104K, 77% used [0x00000006c0000000,0x00000006c84e97f0,0x00000006cab00000)
 Metaspace       used 7121K, capacity 7241K, committed 7552K, reserved 1056768K
  class space    used 721K, capacity 791K, committed 896K, reserved 1048576K
Event: 2.971 GC heap after
Heap after GC invocations=1 (full 0):
 PSYoungGen      total 76288K, used 8187K [0x000000076ab00000, 0x0000000770000000, 0x00000007c0000000)
  eden space 65536K, 0% used [0x000000076ab00000,0x000000076ab00000,0x000000076eb00000)
  from space 10752K, 76% used [0x000000076eb00000,0x000000076f2fee88,0x000000076f580000)
  to   space 10752K, 0% used [0x000000076f580000,0x000000076f580000,0x0000000770000000)
 ParOldGen       total 175104K, used 136117K [0x00000006c0000000, 0x00000006cab00000, 0x000000076ab00000)
  object space 175104K, 77% used [0x00000006c0000000,0x00000006c84ed7f0,0x00000006cab00000)
 Metaspace       used 7121K, capacity 7241K, committed 7552K, reserved 1056768K
  class space    used 721K, capacity 791K, committed 896K, reserved 1048576K
}
Event: 5.350 GC heap before
{Heap before GC invocations=2 (full 0):
 PSYoungGen      total 76288K, used 72981K [0x000000076ab00000, 0x0000000770000000, 0x00000007c0000000)
  eden space 65536K, 98% used [0x000000076ab00000,0x000000076ea46848,0x000000076eb00000)
  from space 10752K, 76% used [0x000000076eb00000,0x000000076f2fee88,0x000000076f580000)
  to   space 10752K, 0% used [0x000000076f580000,0x000000076f580000,0x0000000770000000)
 ParOldGen       total 290304K, used 250769K [0x00000006c0000000, 0x00000006d1b80000, 0x000000076ab00000)
  object space 290304K, 86% used [0x00000006c0000000,0x00000006cf4e45d0,0x00000006d1b80000)
 Metaspace       used 7181K, capacity 7305K, committed 7552K, reserved 1056768K
  class space    used 727K, capacity 791K, committed 896K, reserved 1048576K
Event: 5.354 GC heap after
Heap after GC invocations=2 (full 0):
 PSYoungGen      total 76288K, used 3633K [0x000000076ab00000, 0x0000000770000000, 0x00000007c0000000)
  eden space 65536K, 0% used [0x000000076ab00000,0x000000076ab00000,0x000000076eb00000)
  from space 10752K, 33% used [0x000000076f580000,0x000000076f90c588,0x0000000770000000)
  to   space 10752K, 0% used [0x000000076eb00000,0x000000076eb00000,0x000000076f580000)
 ParOldGen       total 290304K, used 250777K [0x00000006c0000000, 0x00000006d1b80000, 0x000000076ab00000)
  object space 290304K, 86% used [0x00000006c0000000,0x00000006cf4e65d0,0x00000006d1b80000)
 Metaspace       used 7181K, capacity 7305K, committed 7552K, reserved 1056768K
  class space    used 727K, capacity 791K, committed 896K, reserved 1048576K
}

