# JRE version: Java(TM) SE Runtime Environment (8.0_25-b17) (build 1.8.0_25-b17)
# Java VM: Java HotSpot(TM) 64-Bit Server VM (25.25-b02 mixed mode bsd-amd64 compressed oops)
Heap:
 PSYoungGen      total 76288K, used 17586K [0x000000076ab00000, 0x0000000770000000, 0x00000007c0000000)
  eden space 65536K, 19% used [0x000000076ab00000,0x000000076b7ad2f8,0x000000076eb00000)
  from space 10752K, 42% used [0x000000076f580000,0x000000076f9ff630,0x0000000770000000)
  to   space 10752K, 0% used [0x000000076eb00000,0x000000076eb00000,0x000000076f580000)
 ParOldGen       total 290304K, used 250777K [0x00000006c0000000, 0x00000006d1b80000, 0x000000076ab00000)
  object space 290304K, 86% used [0x00000006c0000000,0x00000006cf4e65d0,0x00000006d1b80000)
 Metaspace       used 7244K, capacity 7369K, committed 7552K, reserved 1056768K
  class space    used 734K, capacity 791K, committed 896K, reserved 1048576K
GC Heap History (4 events):
Event: 3.224 GC heap before
{Heap before GC invocations=1 (full 0):
 PSYoungGen      total 76288K, used 59384K [0x000000076ab00000, 0x0000000770000000, 0x00000007c0000000)
  eden space 65536K, 90% used [0x000000076ab00000,0x000000076e4fe1a0,0x000000076eb00000)
  from space 10752K, 0% used [0x000000076f580000,0x000000076f580000,0x0000000770000000)
  to   space 10752K, 0% used [0x000000076eb00000,0x000000076eb00000,0x000000076f580000)
 ParOldGen       total 175104K, used 136101K [0x00000006c0000000, 0x00000006cab00000, 0x000000076ab00000)
  object space 175104K, 77% used [0x00000006c0000000,0x00000006c84e97f0,0x00000006cab00000)
 Metaspace       used 7096K, capacity 7241K, committed 7552K, reserved 1056768K
  class space    used 724K, capacity 791K, committed 896K, reserved 1048576K
Event: 3.230 GC heap after
Heap after GC invocations=1 (full 0):
 PSYoungGen      total 76288K, used 8223K [0x000000076ab00000, 0x0000000770000000, 0x00000007c0000000)
  eden space 65536K, 0% used [0x000000076ab00000,0x000000076ab00000,0x000000076eb00000)
  from space 10752K, 76% used [0x000000076eb00000,0x000000076f307e10,0x000000076f580000)
  to   space 10752K, 0% used [0x000000076f580000,0x000000076f580000,0x0000000770000000)
 ParOldGen       total 175104K, used 136117K [0x00000006c0000000, 0x00000006cab00000, 0x000000076ab00000)
  object space 175104K, 77% used [0x00000006c0000000,0x00000006c84ed7f0,0x00000006cab00000)
 Metaspace       used 7096K, capacity 7241K, committed 7552K, reserved 1056768K
  class space    used 724K, capacity 791K, committed 896K, reserved 1048576K
}
Event: 5.809 GC heap before
{Heap before GC invocations=2 (full 0):
 PSYoungGen      total 76288K, used 73099K [0x000000076ab00000, 0x0000000770000000, 0x00000007c0000000)
  eden space 65536K, 98% used [0x000000076ab00000,0x000000076ea5af60,0x000000076eb00000)
  from space 10752K, 76% used [0x000000076eb00000,0x000000076f307e10,0x000000076f580000)
  to   space 10752K, 0% used [0x000000076f580000,0x000000076f580000,0x0000000770000000)
 ParOldGen       total 290304K, used 250769K [0x00000006c0000000, 0x00000006d1b80000, 0x000000076ab00000)
  object space 290304K, 86% used [0x00000006c0000000,0x00000006cf4e45d0,0x00000006d1b80000)
 Metaspace       used 7119K, capacity 7241K, committed 7552K, reserved 1056768K
  class space    used 724K, capacity 791K, committed 896K, reserved 1048576K
Event: 5.814 GC heap after
Heap after GC invocations=2 (full 0):
 PSYoungGen      total 76288K, used 4605K [0x000000076ab00000, 0x0000000770000000, 0x00000007c0000000)
  eden space 65536K, 0% used [0x000000076ab00000,0x000000076ab00000,0x000000076eb00000)
  from space 10752K, 42% used [0x000000076f580000,0x000000076f9ff630,0x0000000770000000)
  to   space 10752K, 0% used [0x000000076eb00000,0x000000076eb00000,0x000000076f580000)
 ParOldGen       total 290304K, used 250777K [0x00000006c0000000, 0x00000006d1b80000, 0x000000076ab00000)
  object space 290304K, 86% used [0x00000006c0000000,0x00000006cf4e65d0,0x00000006d1b80000)
 Metaspace       used 7119K, capacity 7241K, committed 7552K, reserved 1056768K
  class space    used 724K, capacity 791K, committed 896K, reserved 1048576K
}

